                                 Started job on |	Feb 07 16:41:52
                             Started mapping on |	Feb 07 16:46:43
                                    Finished on |	Feb 07 16:46:55
       Mapping speed, Million of reads per hour |	9.00

                          Number of input reads |	29988
                      Average input read length |	96
                                    UNIQUE READS:
                   Uniquely mapped reads number |	19292
                        Uniquely mapped reads % |	64.33%
                          Average mapped length |	95.62
                       Number of splices: Total |	2705
            Number of splices: Annotated (sjdb) |	2675
                       Number of splices: GT/AG |	2678
                       Number of splices: GC/AG |	19
                       Number of splices: AT/AC |	2
               Number of splices: Non-canonical |	6
                      Mismatch rate per base, % |	0.15%
                         Deletion rate per base |	0.01%
                        Deletion average length |	1.50
                        Insertion rate per base |	0.01%
                       Insertion average length |	1.28
                             MULTI-MAPPING READS:
        Number of reads mapped to multiple loci |	8902
             % of reads mapped to multiple loci |	29.69%
        Number of reads mapped to too many loci |	79
             % of reads mapped to too many loci |	0.26%
                                  UNMAPPED READS:
       % of reads unmapped: too many mismatches |	0.00%
                 % of reads unmapped: too short |	5.58%
                     % of reads unmapped: other |	0.14%
                                  CHIMERIC READS:
                       Number of chimeric reads |	0
                            % of chimeric reads |	0.00%
